INFO:training log:hparams...
INFO:training log:d_model:12 - dff:48 - positional encoding: 50 - learning rate: <train.loss_functions.CustomSchedule object at 0x1a33e969d0>
INFO:training log:Transformer with one head and one layer
INFO:training log:Epoch 1/20
INFO:training log:train loss: 1.134 - val loss: 0.930
INFO:training log:Time taken for 1 epoch:        5.1 secs

INFO:training log:Epoch 2/20
INFO:training log:train loss: 0.759 - val loss: 0.650
INFO:training log:Time taken for 1 epoch:        4.7 secs

INFO:training log:Epoch 3/20
INFO:training log:train loss: 0.576 - val loss: 0.543
INFO:training log:Time taken for 1 epoch:        4.8 secs

INFO:training log:Epoch 4/20
INFO:training log:train loss: 0.522 - val loss: 0.514
INFO:training log:Time taken for 1 epoch:        5.5 secs

INFO:training log:Epoch 5/20
INFO:training log:train loss: 0.509 - val loss: 0.508
INFO:training log:Time taken for 1 epoch:        4.7 secs

INFO:training log:Epoch 6/20
INFO:training log:train loss: 0.505 - val loss: 0.507
INFO:training log:Time taken for 1 epoch:        4.8 secs

INFO:training log:Epoch 7/20
INFO:training log:train loss: 0.503 - val loss: 0.502
INFO:training log:Time taken for 1 epoch:        4.8 secs

INFO:training log:Epoch 8/20
INFO:training log:train loss: 0.502 - val loss: 0.502
INFO:training log:Time taken for 1 epoch:        4.8 secs

INFO:training log:Epoch 9/20
INFO:training log:train loss: 0.502 - val loss: 0.502
INFO:training log:Time taken for 1 epoch:        4.7 secs

INFO:training log:Epoch 10/20
INFO:training log:train loss: 0.503 - val loss: 0.503
INFO:training log:Time taken for 1 epoch:        4.8 secs

INFO:training log:Epoch 11/20
INFO:training log:train loss: 0.502 - val loss: 0.503
INFO:training log:Time taken for 1 epoch:        4.8 secs

INFO:training log:Epoch 12/20
INFO:training log:train loss: 0.503 - val loss: 0.504
INFO:training log:Time taken for 1 epoch:        4.8 secs

INFO:training log:Epoch 13/20
INFO:training log:train loss: 0.502 - val loss: 0.502
INFO:training log:Time taken for 1 epoch:        4.8 secs

INFO:training log:Epoch 14/20
INFO:training log:train loss: 0.502 - val loss: 0.505
INFO:training log:Time taken for 1 epoch:        4.7 secs

INFO:training log:Epoch 15/20
INFO:training log:train loss: 0.502 - val loss: 0.504
INFO:training log:Time taken for 1 epoch:        5.2 secs

INFO:training log:Epoch 16/20
INFO:training log:train loss: 0.502 - val loss: 0.502
INFO:training log:Time taken for 1 epoch:        6.1 secs

INFO:training log:Epoch 17/20
INFO:training log:train loss: 0.502 - val loss: 0.503
INFO:training log:Time taken for 1 epoch:        5.0 secs

INFO:training log:Epoch 18/20
INFO:training log:train loss: 0.502 - val loss: 0.502
INFO:training log:Time taken for 1 epoch:        4.9 secs

INFO:training log:Epoch 19/20
INFO:training log:train loss: 0.502 - val loss: 0.502
INFO:training log:Time taken for 1 epoch:        4.9 secs

INFO:training log:Epoch 20/20
INFO:training log:train loss: 0.502 - val loss: 0.502
INFO:training log:Time taken for 1 epoch:        5.0 secs

INFO:training log:total training time for       20.0 epochs:98.93429398536682
INFO:training log:saving loss and metrics information...
INFO:training log:training of a classic Transformer for a time-series dataset done...
INFO:training log:>>>-------------------------------------------------------------------------------------------------------------------------------------------------------------<<<
INFO:training log:test loss at the end of training: 0.49584585428237915
