INFO:training log:hparams...
INFO:training log:d_model: 12 - batch size 64
INFO:training log:Epoch 1/20
INFO:training log:train loss: 1.100 - val loss: 1.110
INFO:training log:Time taken for 1 epoch: 58.53085017204285 secs
INFO:training log:Epoch 2/20
INFO:training log:train loss: 1.067 - val loss: 1.090
INFO:training log:Time taken for 1 epoch: 95.55036807060242 secs
INFO:training log:Epoch 3/20
INFO:training log:train loss: 1.057 - val loss: 1.087
INFO:training log:Time taken for 1 epoch: 190.5013370513916 secs
INFO:training log:Epoch 4/20
INFO:training log:train loss: 1.058 - val loss: 1.092
INFO:training log:Time taken for 1 epoch: 129.1932189464569 secs
INFO:training log:Epoch 5/20
INFO:training log:train loss: 1.056 - val loss: 1.086
INFO:training log:Time taken for 1 epoch: 141.83245086669922 secs
INFO:training log:Epoch 6/20
INFO:training log:train loss: 1.051 - val loss: 1.074
INFO:training log:Time taken for 1 epoch: 125.51620411872864 secs
INFO:training log:Epoch 7/20
INFO:training log:train loss: 0.946 - val loss: 0.789
INFO:training log:Time taken for 1 epoch: 140.44633603096008 secs
INFO:training log:Epoch 8/20
INFO:training log:train loss: 0.737 - val loss: 0.743
INFO:training log:Time taken for 1 epoch: 226.35505485534668 secs
INFO:training log:Epoch 9/20
INFO:training log:train loss: 0.728 - val loss: 0.744
INFO:training log:Time taken for 1 epoch: 280.93988585472107 secs
INFO:training log:Epoch 10/20
INFO:training log:train loss: 0.726 - val loss: 0.750
INFO:training log:Time taken for 1 epoch: 207.15832805633545 secs
INFO:training log:Epoch 11/20
INFO:training log:train loss: 0.727 - val loss: 0.749
INFO:training log:Time taken for 1 epoch: 242.58371829986572 secs
INFO:training log:Epoch 12/20
INFO:training log:train loss: 0.727 - val loss: 0.746
INFO:training log:Time taken for 1 epoch: 259.4420220851898 secs
INFO:training log:Epoch 13/20
INFO:training log:train loss: 0.727 - val loss: 0.754
INFO:training log:Time taken for 1 epoch: 241.39980006217957 secs
INFO:training log:Epoch 14/20
INFO:training log:train loss: 0.730 - val loss: 0.759
INFO:training log:Time taken for 1 epoch: 252.4173719882965 secs
INFO:training log:Epoch 15/20
INFO:training log:train loss: 0.727 - val loss: 0.742
INFO:training log:Time taken for 1 epoch: 124.11775016784668 secs
INFO:training log:Epoch 16/20
INFO:training log:train loss: 0.726 - val loss: 0.745
INFO:training log:Time taken for 1 epoch: 52.9645299911499 secs
INFO:training log:Epoch 17/20
INFO:training log:train loss: 0.728 - val loss: 0.749
INFO:training log:Time taken for 1 epoch: 54.761555910110474 secs
INFO:training log:Epoch 18/20
INFO:training log:train loss: 0.726 - val loss: 0.746
INFO:training log:Time taken for 1 epoch: 52.28806495666504 secs
INFO:training log:Epoch 19/20
INFO:training log:train loss: 0.726 - val loss: 0.746
INFO:training log:Time taken for 1 epoch: 51.77594590187073 secs
INFO:training log:Epoch 20/20
INFO:training log:train loss: 0.730 - val loss: 0.746
INFO:training log:Time taken for 1 epoch: 51.9041850566864 secs
INFO:training log:total training time for 20 epochs:      51.9
INFO:training log:test loss at the end of training: 0.7305669784545898
